[2025-07-13 20:43:04] local.DEBUG: QUERY: select * from `criterias` where `criterias`.`created_by` = ?  
[2025-07-13 20:43:04] local.DEBUG: BINDINGS: [1]  
[2025-07-13 20:43:04] local.DEBUG: Model Criteria pakai tabel: criterias  
[2025-07-13 20:43:04] local.DEBUG: Model Criteria pakai tabel: criterias  
[2025-07-13 20:43:04] local.DEBUG: Model Criteria pakai tabel: criterias  
[2025-07-13 20:43:04] local.DEBUG: Model Criteria pakai tabel: criterias  
[2025-07-13 20:43:04] local.DEBUG: Model Criteria pakai tabel: criterias  
[2025-07-13 20:43:04] local.DEBUG: Model Criteria pakai tabel: criterias  
[2025-07-13 20:43:04] local.DEBUG: QUERY: select * from `priority_values` where `criteria_id` = ? limit 1  
[2025-07-13 20:43:04] local.DEBUG: BINDINGS: [34]  
[2025-07-13 20:43:04] local.DEBUG: QUERY: select * from `priority_values` where `criteria_id` = ? limit 1  
[2025-07-13 20:43:04] local.DEBUG: BINDINGS: [35]  
[2025-07-13 20:43:04] local.DEBUG: QUERY: select * from `priority_values` where `criteria_id` = ? limit 1  
[2025-07-13 20:43:04] local.DEBUG: BINDINGS: [36]  
[2025-07-13 20:43:04] local.DEBUG: QUERY: select * from `priority_values` where `criteria_id` = ? limit 1  
[2025-07-13 20:43:04] local.DEBUG: BINDINGS: [37]  
[2025-07-13 20:43:04] local.DEBUG: QUERY: select * from `priority_values` where `criteria_id` = ? limit 1  
[2025-07-13 20:43:04] local.DEBUG: BINDINGS: [38]  
[2025-07-13 20:43:04] local.DEBUG: QUERY: select * from `priority_values` where `criteria_id` = ? limit 1  
[2025-07-13 20:43:04] local.DEBUG: BINDINGS: [39]  
[2025-07-13 20:43:08] local.DEBUG: QUERY: select * from `criterias` where `criterias`.`created_by` = ?  
[2025-07-13 20:43:08] local.DEBUG: BINDINGS: [1]  
[2025-07-13 20:43:08] local.DEBUG: Model Criteria pakai tabel: criterias  
[2025-07-13 20:43:08] local.DEBUG: Model Criteria pakai tabel: criterias  
[2025-07-13 20:43:08] local.DEBUG: Model Criteria pakai tabel: criterias  
[2025-07-13 20:43:08] local.DEBUG: Model Criteria pakai tabel: criterias  
[2025-07-13 20:43:08] local.DEBUG: Model Criteria pakai tabel: criterias  
[2025-07-13 20:43:08] local.DEBUG: Model Criteria pakai tabel: criterias  
[2025-07-13 20:43:08] local.DEBUG: QUERY: select * from `priority_values` where `criteria_id` = ? limit 1  
[2025-07-13 20:43:08] local.DEBUG: BINDINGS: [34]  
[2025-07-13 20:43:08] local.DEBUG: QUERY: select * from `priority_values` where `criteria_id` = ? limit 1  
[2025-07-13 20:43:08] local.DEBUG: BINDINGS: [35]  
[2025-07-13 20:43:08] local.DEBUG: QUERY: select * from `priority_values` where `criteria_id` = ? limit 1  
[2025-07-13 20:43:08] local.DEBUG: BINDINGS: [36]  
[2025-07-13 20:43:08] local.DEBUG: QUERY: select * from `priority_values` where `criteria_id` = ? limit 1  
[2025-07-13 20:43:08] local.DEBUG: BINDINGS: [37]  
[2025-07-13 20:43:08] local.DEBUG: QUERY: select * from `priority_values` where `criteria_id` = ? limit 1  
[2025-07-13 20:43:08] local.DEBUG: BINDINGS: [38]  
[2025-07-13 20:43:08] local.DEBUG: QUERY: select * from `priority_values` where `criteria_id` = ? limit 1  
[2025-07-13 20:43:08] local.DEBUG: BINDINGS: [39]  
[2025-07-13 20:43:11] local.DEBUG: Model Criteria pakai tabel: criterias  
[2025-07-13 20:43:11] local.DEBUG: Model Criteria pakai tabel: criterias  
[2025-07-13 20:43:11] local.DEBUG: Model Criteria pakai tabel: criterias  
[2025-07-13 20:43:11] local.DEBUG: Model Criteria pakai tabel: criterias  
[2025-07-13 20:43:11] local.DEBUG: Model Criteria pakai tabel: criterias  
[2025-07-13 20:43:11] local.DEBUG: Model Criteria pakai tabel: criterias  
[2025-07-13 20:43:13] local.DEBUG: Model Criteria pakai tabel: criterias  
[2025-07-13 20:43:13] local.DEBUG: Model Criteria pakai tabel: criterias  
[2025-07-13 20:43:13] local.DEBUG: Model Criteria pakai tabel: criterias  
[2025-07-13 20:43:13] local.DEBUG: Model Criteria pakai tabel: criterias  
[2025-07-13 20:43:13] local.DEBUG: Model Criteria pakai tabel: criterias  
[2025-07-13 20:43:13] local.DEBUG: Model Criteria pakai tabel: criterias  
[2025-07-14 17:27:50] local.DEBUG: Model Criteria pakai tabel: criterias  
[2025-07-14 17:27:50] local.DEBUG: Model Criteria pakai tabel: criterias  
[2025-07-14 17:27:50] local.DEBUG: Model Criteria pakai tabel: criterias  
[2025-07-14 17:27:50] local.DEBUG: Model Criteria pakai tabel: criterias  
[2025-07-14 17:27:50] local.DEBUG: Model Criteria pakai tabel: criterias  
[2025-07-14 17:27:50] local.DEBUG: Model Criteria pakai tabel: criterias  
[2025-07-14 17:31:01] local.DEBUG: Model Criteria pakai tabel: criterias  
[2025-07-14 17:31:01] local.DEBUG: Model Criteria pakai tabel: criterias  
[2025-07-14 17:31:01] local.DEBUG: Model Criteria pakai tabel: criterias  
[2025-07-14 17:31:01] local.DEBUG: Model Criteria pakai tabel: criterias  
[2025-07-14 17:31:01] local.DEBUG: Model Criteria pakai tabel: criterias  
[2025-07-14 17:31:01] local.DEBUG: Model Criteria pakai tabel: criterias  
[2025-07-14 17:31:04] local.DEBUG: Model Criteria pakai tabel: criterias  
[2025-07-14 17:31:04] local.DEBUG: Model Criteria pakai tabel: criterias  
[2025-07-14 17:31:04] local.DEBUG: Model Criteria pakai tabel: criterias  
[2025-07-14 17:31:04] local.DEBUG: Model Criteria pakai tabel: criterias  
[2025-07-14 17:31:04] local.DEBUG: Model Criteria pakai tabel: criterias  
[2025-07-14 17:31:04] local.DEBUG: Model Criteria pakai tabel: criterias  
[2025-07-14 17:31:04] local.DEBUG: Model Criteria pakai tabel: criterias  
[2025-07-14 17:31:04] local.DEBUG: Model Criteria pakai tabel: criterias  
[2025-07-14 17:31:04] local.DEBUG: Model Criteria pakai tabel: criterias  
[2025-07-14 17:31:04] local.DEBUG: Model Criteria pakai tabel: criterias  
[2025-07-14 17:31:04] local.DEBUG: Model Criteria pakai tabel: criterias  
[2025-07-14 17:31:04] local.DEBUG: Model Criteria pakai tabel: criterias  
[2025-07-14 17:31:17] local.DEBUG: Model Criteria pakai tabel: criterias  
[2025-07-14 17:31:17] local.DEBUG: Model Criteria pakai tabel: criterias  
[2025-07-14 17:31:17] local.DEBUG: Model Criteria pakai tabel: criterias  
[2025-07-14 17:31:17] local.DEBUG: Model Criteria pakai tabel: criterias  
[2025-07-14 17:31:17] local.DEBUG: Model Criteria pakai tabel: criterias  
[2025-07-14 17:31:17] local.DEBUG: Model Criteria pakai tabel: criterias  
[2025-07-14 17:31:17] local.DEBUG: Model Criteria pakai tabel: criterias  
[2025-07-14 17:31:17] local.DEBUG: Model Criteria pakai tabel: criterias  
[2025-07-14 17:31:17] local.DEBUG: Model Criteria pakai tabel: criterias  
[2025-07-14 17:31:17] local.DEBUG: Model Criteria pakai tabel: criterias  
[2025-07-14 17:31:17] local.DEBUG: Model Criteria pakai tabel: criterias  
[2025-07-14 17:31:17] local.DEBUG: Model Criteria pakai tabel: criterias  
[2025-07-14 17:52:21] local.DEBUG: QUERY: select * from `criterias` where `criterias`.`created_by` = ?  
[2025-07-14 17:52:21] local.DEBUG: BINDINGS: [1]  
[2025-07-14 17:52:21] local.DEBUG: Model Criteria pakai tabel: criterias  
[2025-07-14 17:52:21] local.DEBUG: Model Criteria pakai tabel: criterias  
[2025-07-14 17:52:21] local.DEBUG: Model Criteria pakai tabel: criterias  
[2025-07-14 17:52:21] local.DEBUG: Model Criteria pakai tabel: criterias  
[2025-07-14 17:52:21] local.DEBUG: Model Criteria pakai tabel: criterias  
[2025-07-14 17:52:21] local.DEBUG: Model Criteria pakai tabel: criterias  
[2025-07-14 17:52:21] local.DEBUG: QUERY: select * from `priority_values` where `criteria_id` = ? limit 1  
[2025-07-14 17:52:21] local.DEBUG: BINDINGS: [34]  
[2025-07-14 17:52:21] local.DEBUG: QUERY: select * from `priority_values` where `criteria_id` = ? limit 1  
[2025-07-14 17:52:21] local.DEBUG: BINDINGS: [35]  
[2025-07-14 17:52:21] local.DEBUG: QUERY: select * from `priority_values` where `criteria_id` = ? limit 1  
[2025-07-14 17:52:21] local.DEBUG: BINDINGS: [36]  
[2025-07-14 17:52:21] local.DEBUG: QUERY: select * from `priority_values` where `criteria_id` = ? limit 1  
[2025-07-14 17:52:21] local.DEBUG: BINDINGS: [37]  
[2025-07-14 17:52:21] local.DEBUG: QUERY: select * from `priority_values` where `criteria_id` = ? limit 1  
[2025-07-14 17:52:21] local.DEBUG: BINDINGS: [38]  
[2025-07-14 17:52:21] local.DEBUG: QUERY: select * from `priority_values` where `criteria_id` = ? limit 1  
[2025-07-14 17:52:21] local.DEBUG: BINDINGS: [39]  
[2025-07-14 17:52:24] local.DEBUG: Model Criteria pakai tabel: criterias  
[2025-07-14 17:52:24] local.DEBUG: Model Criteria pakai tabel: criterias  
[2025-07-14 17:52:24] local.DEBUG: Model Criteria pakai tabel: criterias  
[2025-07-14 17:52:24] local.DEBUG: Model Criteria pakai tabel: criterias  
[2025-07-14 17:52:24] local.DEBUG: Model Criteria pakai tabel: criterias  
[2025-07-14 17:52:24] local.DEBUG: Model Criteria pakai tabel: criterias  
[2025-07-14 17:57:47] local.DEBUG: Model Criteria pakai tabel: criterias  
[2025-07-14 17:57:47] local.DEBUG: Model Criteria pakai tabel: criterias  
[2025-07-14 17:57:47] local.DEBUG: Model Criteria pakai tabel: criterias  
[2025-07-14 17:57:47] local.DEBUG: Model Criteria pakai tabel: criterias  
[2025-07-14 17:57:47] local.DEBUG: Model Criteria pakai tabel: criterias  
[2025-07-14 17:57:47] local.DEBUG: Model Criteria pakai tabel: criterias  
[2025-07-14 17:57:50] local.DEBUG: Model Criteria pakai tabel: criterias  
[2025-07-14 17:57:50] local.DEBUG: Model Criteria pakai tabel: criterias  
[2025-07-14 17:57:50] local.DEBUG: Model Criteria pakai tabel: criterias  
[2025-07-14 17:57:50] local.DEBUG: Model Criteria pakai tabel: criterias  
[2025-07-14 17:57:50] local.DEBUG: Model Criteria pakai tabel: criterias  
[2025-07-14 17:57:50] local.DEBUG: Model Criteria pakai tabel: criterias  
[2025-07-14 17:57:50] local.DEBUG: Model Criteria pakai tabel: criterias  
[2025-07-14 17:57:50] local.DEBUG: Model Criteria pakai tabel: criterias  
[2025-07-14 17:57:50] local.DEBUG: Model Criteria pakai tabel: criterias  
[2025-07-14 17:57:50] local.DEBUG: Model Criteria pakai tabel: criterias  
[2025-07-14 17:57:50] local.DEBUG: Model Criteria pakai tabel: criterias  
[2025-07-14 17:57:50] local.DEBUG: Model Criteria pakai tabel: criterias  
[2025-07-14 17:57:54] local.DEBUG: Model Criteria pakai tabel: criterias  
[2025-07-14 17:57:54] local.DEBUG: Model Criteria pakai tabel: criterias  
[2025-07-14 17:57:54] local.DEBUG: Model Criteria pakai tabel: criterias  
[2025-07-14 17:57:54] local.DEBUG: Model Criteria pakai tabel: criterias  
[2025-07-14 17:57:54] local.DEBUG: Model Criteria pakai tabel: criterias  
[2025-07-14 17:57:54] local.DEBUG: Model Criteria pakai tabel: criterias  
[2025-07-14 17:57:54] local.DEBUG: Model Criteria pakai tabel: criterias  
[2025-07-14 17:57:54] local.DEBUG: Model Criteria pakai tabel: criterias  
[2025-07-14 17:57:54] local.DEBUG: Model Criteria pakai tabel: criterias  
[2025-07-14 17:57:54] local.DEBUG: Model Criteria pakai tabel: criterias  
[2025-07-14 17:57:54] local.DEBUG: Model Criteria pakai tabel: criterias  
[2025-07-14 17:57:54] local.DEBUG: Model Criteria pakai tabel: criterias  
[2025-07-14 17:58:31] local.DEBUG: Model Criteria pakai tabel: criterias  
[2025-07-14 17:58:31] local.DEBUG: Model Criteria pakai tabel: criterias  
[2025-07-14 17:58:31] local.DEBUG: Model Criteria pakai tabel: criterias  
[2025-07-14 17:58:31] local.DEBUG: Model Criteria pakai tabel: criterias  
[2025-07-14 17:58:31] local.DEBUG: Model Criteria pakai tabel: criterias  
[2025-07-14 17:58:31] local.DEBUG: Model Criteria pakai tabel: criterias  
[2025-07-14 18:01:02] local.DEBUG: Model Criteria pakai tabel: criterias  
[2025-07-14 18:01:02] local.DEBUG: Model Criteria pakai tabel: criterias  
[2025-07-14 18:01:02] local.DEBUG: Model Criteria pakai tabel: criterias  
[2025-07-14 18:01:02] local.DEBUG: Model Criteria pakai tabel: criterias  
[2025-07-14 18:01:02] local.DEBUG: Model Criteria pakai tabel: criterias  
[2025-07-14 18:01:02] local.DEBUG: Model Criteria pakai tabel: criterias  
[2025-07-14 18:01:06] local.DEBUG: Model Criteria pakai tabel: criterias  
[2025-07-14 18:01:06] local.DEBUG: Model Criteria pakai tabel: criterias  
[2025-07-14 18:01:06] local.DEBUG: Model Criteria pakai tabel: criterias  
[2025-07-14 18:01:06] local.DEBUG: Model Criteria pakai tabel: criterias  
[2025-07-14 18:01:06] local.DEBUG: Model Criteria pakai tabel: criterias  
[2025-07-14 18:01:06] local.DEBUG: Model Criteria pakai tabel: criterias  
[2025-07-14 18:01:06] local.DEBUG: Model Criteria pakai tabel: criterias  
[2025-07-14 18:01:06] local.DEBUG: Model Criteria pakai tabel: criterias  
[2025-07-14 18:01:06] local.DEBUG: Model Criteria pakai tabel: criterias  
[2025-07-14 18:01:06] local.DEBUG: Model Criteria pakai tabel: criterias  
[2025-07-14 18:01:06] local.DEBUG: Model Criteria pakai tabel: criterias  
[2025-07-14 18:01:06] local.DEBUG: Model Criteria pakai tabel: criterias  
[2025-07-14 18:01:09] local.DEBUG: Model Criteria pakai tabel: criterias  
[2025-07-14 18:01:09] local.DEBUG: Model Criteria pakai tabel: criterias  
[2025-07-14 18:01:09] local.DEBUG: Model Criteria pakai tabel: criterias  
[2025-07-14 18:01:09] local.DEBUG: Model Criteria pakai tabel: criterias  
[2025-07-14 18:01:09] local.DEBUG: Model Criteria pakai tabel: criterias  
[2025-07-14 18:01:09] local.DEBUG: Model Criteria pakai tabel: criterias  
[2025-07-14 18:01:09] local.DEBUG: Model Criteria pakai tabel: criterias  
[2025-07-14 18:01:09] local.DEBUG: Model Criteria pakai tabel: criterias  
[2025-07-14 18:01:09] local.DEBUG: Model Criteria pakai tabel: criterias  
[2025-07-14 18:01:09] local.DEBUG: Model Criteria pakai tabel: criterias  
[2025-07-14 18:01:09] local.DEBUG: Model Criteria pakai tabel: criterias  
[2025-07-14 18:01:09] local.DEBUG: Model Criteria pakai tabel: criterias  
[2025-07-14 18:01:13] local.DEBUG: Model Criteria pakai tabel: criterias  
[2025-07-14 18:01:13] local.DEBUG: Model Criteria pakai tabel: criterias  
[2025-07-14 18:01:13] local.DEBUG: Model Criteria pakai tabel: criterias  
[2025-07-14 18:01:13] local.DEBUG: Model Criteria pakai tabel: criterias  
[2025-07-14 18:01:13] local.DEBUG: Model Criteria pakai tabel: criterias  
[2025-07-14 18:01:13] local.DEBUG: Model Criteria pakai tabel: criterias  
[2025-07-14 18:02:03] local.DEBUG: Model Criteria pakai tabel: criterias  
[2025-07-14 18:02:03] local.DEBUG: Model Criteria pakai tabel: criterias  
[2025-07-14 18:02:03] local.DEBUG: Model Criteria pakai tabel: criterias  
[2025-07-14 18:02:03] local.DEBUG: Model Criteria pakai tabel: criterias  
[2025-07-14 18:02:03] local.DEBUG: Model Criteria pakai tabel: criterias  
[2025-07-14 18:02:03] local.DEBUG: Model Criteria pakai tabel: criterias  
[2025-07-15 20:00:09] local.ERROR: The "--v" option does not exist. {"exception":"[object] (Symfony\\Component\\Console\\Exception\\RuntimeException(code: 0): The \"--v\" option does not exist. at D:\\PROJECT AKHHIR\\SPK\\vendor\\symfony\\console\\Input\\ArgvInput.php:223)
[stacktrace]
#0 D:\\PROJECT AKHHIR\\SPK\\vendor\\symfony\\console\\Input\\ArgvInput.php(152): Symfony\\Component\\Console\\Input\\ArgvInput->addLongOption('v', NULL)
#1 D:\\PROJECT AKHHIR\\SPK\\vendor\\symfony\\console\\Input\\ArgvInput.php(85): Symfony\\Component\\Console\\Input\\ArgvInput->parseLongOption('--v')
#2 D:\\PROJECT AKHHIR\\SPK\\vendor\\symfony\\console\\Input\\ArgvInput.php(74): Symfony\\Component\\Console\\Input\\ArgvInput->parseToken('--v', true)
#3 D:\\PROJECT AKHHIR\\SPK\\vendor\\symfony\\console\\Input\\Input.php(56): Symfony\\Component\\Console\\Input\\ArgvInput->parse()
#4 D:\\PROJECT AKHHIR\\SPK\\vendor\\symfony\\console\\Command\\Command.php(285): Symfony\\Component\\Console\\Input\\Input->bind(Object(Symfony\\Component\\Console\\Input\\InputDefinition))
#5 D:\\PROJECT AKHHIR\\SPK\\vendor\\symfony\\console\\Application.php(1078): Symfony\\Component\\Console\\Command\\Command->run(Object(Symfony\\Component\\Console\\Input\\ArgvInput), Object(Symfony\\Component\\Console\\Output\\ConsoleOutput))
#6 D:\\PROJECT AKHHIR\\SPK\\vendor\\symfony\\console\\Application.php(324): Symfony\\Component\\Console\\Application->doRunCommand(Object(Symfony\\Component\\Console\\Command\\ListCommand), Object(Symfony\\Component\\Console\\Input\\ArgvInput), Object(Symfony\\Component\\Console\\Output\\ConsoleOutput))
#7 D:\\PROJECT AKHHIR\\SPK\\vendor\\symfony\\console\\Application.php(175): Symfony\\Component\\Console\\Application->doRun(Object(Symfony\\Component\\Console\\Input\\ArgvInput), Object(Symfony\\Component\\Console\\Output\\ConsoleOutput))
#8 D:\\PROJECT AKHHIR\\SPK\\vendor\\laravel\\framework\\src\\Illuminate\\Console\\Application.php(102): Symfony\\Component\\Console\\Application->run(Object(Symfony\\Component\\Console\\Input\\ArgvInput), Object(Symfony\\Component\\Console\\Output\\ConsoleOutput))
#9 D:\\PROJECT AKHHIR\\SPK\\vendor\\laravel\\framework\\src\\Illuminate\\Foundation\\Console\\Kernel.php(155): Illuminate\\Console\\Application->run(Object(Symfony\\Component\\Console\\Input\\ArgvInput), Object(Symfony\\Component\\Console\\Output\\ConsoleOutput))
#10 D:\\PROJECT AKHHIR\\SPK\\artisan(35): Illuminate\\Foundation\\Console\\Kernel->handle(Object(Symfony\\Component\\Console\\Input\\ArgvInput), Object(Symfony\\Component\\Console\\Output\\ConsoleOutput))
#11 {main}
"} 
[2025-07-15 20:00:51] local.ERROR: The "-e" option does not exist. {"exception":"[object] (Symfony\\Component\\Console\\Exception\\RuntimeException(code: 0): The \"-e\" option does not exist. at D:\\PROJECT AKHHIR\\SPK\\vendor\\symfony\\console\\Input\\ArgvInput.php:125)
[stacktrace]
#0 D:\\PROJECT AKHHIR\\SPK\\vendor\\symfony\\console\\Input\\ArgvInput.php(107): Symfony\\Component\\Console\\Input\\ArgvInput->parseShortOptionSet('version')
#1 D:\\PROJECT AKHHIR\\SPK\\vendor\\symfony\\console\\Input\\ArgvInput.php(87): Symfony\\Component\\Console\\Input\\ArgvInput->parseShortOption('-version')
#2 D:\\PROJECT AKHHIR\\SPK\\vendor\\symfony\\console\\Input\\ArgvInput.php(74): Symfony\\Component\\Console\\Input\\ArgvInput->parseToken('-version', true)
#3 D:\\PROJECT AKHHIR\\SPK\\vendor\\symfony\\console\\Input\\Input.php(56): Symfony\\Component\\Console\\Input\\ArgvInput->parse()
#4 D:\\PROJECT AKHHIR\\SPK\\vendor\\symfony\\console\\Command\\Command.php(285): Symfony\\Component\\Console\\Input\\Input->bind(Object(Symfony\\Component\\Console\\Input\\InputDefinition))
#5 D:\\PROJECT AKHHIR\\SPK\\vendor\\symfony\\console\\Application.php(1078): Symfony\\Component\\Console\\Command\\Command->run(Object(Symfony\\Component\\Console\\Input\\ArgvInput), Object(Symfony\\Component\\Console\\Output\\ConsoleOutput))
#6 D:\\PROJECT AKHHIR\\SPK\\vendor\\symfony\\console\\Application.php(324): Symfony\\Component\\Console\\Application->doRunCommand(Object(Symfony\\Component\\Console\\Command\\ListCommand), Object(Symfony\\Component\\Console\\Input\\ArgvInput), Object(Symfony\\Component\\Console\\Output\\ConsoleOutput))
#7 D:\\PROJECT AKHHIR\\SPK\\vendor\\symfony\\console\\Application.php(175): Symfony\\Component\\Console\\Application->doRun(Object(Symfony\\Component\\Console\\Input\\ArgvInput), Object(Symfony\\Component\\Console\\Output\\ConsoleOutput))
#8 D:\\PROJECT AKHHIR\\SPK\\vendor\\laravel\\framework\\src\\Illuminate\\Console\\Application.php(102): Symfony\\Component\\Console\\Application->run(Object(Symfony\\Component\\Console\\Input\\ArgvInput), Object(Symfony\\Component\\Console\\Output\\ConsoleOutput))
#9 D:\\PROJECT AKHHIR\\SPK\\vendor\\laravel\\framework\\src\\Illuminate\\Foundation\\Console\\Kernel.php(155): Illuminate\\Console\\Application->run(Object(Symfony\\Component\\Console\\Input\\ArgvInput), Object(Symfony\\Component\\Console\\Output\\ConsoleOutput))
#10 D:\\PROJECT AKHHIR\\SPK\\artisan(35): Illuminate\\Foundation\\Console\\Kernel->handle(Object(Symfony\\Component\\Console\\Input\\ArgvInput), Object(Symfony\\Component\\Console\\Output\\ConsoleOutput))
#11 {main}
"} 
[2025-07-15 20:55:39] local.ERROR: Unable to prepare route [dashboard/dashboard/wood/category] for serialization. Another route has already been assigned name [category.index]. {"exception":"[object] (LogicException(code: 0): Unable to prepare route [dashboard/dashboard/wood/category] for serialization. Another route has already been assigned name [category.index]. at D:\\PROJECT AKHHIR\\SPK\\vendor\\laravel\\framework\\src\\Illuminate\\Routing\\AbstractRouteCollection.php:247)
[stacktrace]
#0 D:\\PROJECT AKHHIR\\SPK\\vendor\\laravel\\framework\\src\\Illuminate\\Routing\\AbstractRouteCollection.php(208): Illuminate\\Routing\\AbstractRouteCollection->addToSymfonyRoutesCollection(Object(Symfony\\Component\\Routing\\RouteCollection), Object(Illuminate\\Routing\\Route))
#1 D:\\PROJECT AKHHIR\\SPK\\vendor\\laravel\\framework\\src\\Illuminate\\Routing\\RouteCollection.php(246): Illuminate\\Routing\\AbstractRouteCollection->toSymfonyRouteCollection()
#2 D:\\PROJECT AKHHIR\\SPK\\vendor\\laravel\\framework\\src\\Illuminate\\Routing\\AbstractRouteCollection.php(192): Illuminate\\Routing\\RouteCollection->toSymfonyRouteCollection()
#3 D:\\PROJECT AKHHIR\\SPK\\vendor\\laravel\\framework\\src\\Illuminate\\Routing\\AbstractRouteCollection.php(163): Illuminate\\Routing\\AbstractRouteCollection->dumper()
#4 D:\\PROJECT AKHHIR\\SPK\\vendor\\laravel\\framework\\src\\Illuminate\\Foundation\\Console\\RouteCacheCommand.php(120): Illuminate\\Routing\\AbstractRouteCollection->compile()
#5 D:\\PROJECT AKHHIR\\SPK\\vendor\\laravel\\framework\\src\\Illuminate\\Foundation\\Console\\RouteCacheCommand.php(79): Illuminate\\Foundation\\Console\\RouteCacheCommand->buildRouteCacheFile(Object(Illuminate\\Routing\\RouteCollection))
#6 D:\\PROJECT AKHHIR\\SPK\\vendor\\laravel\\framework\\src\\Illuminate\\Container\\BoundMethod.php(36): Illuminate\\Foundation\\Console\\RouteCacheCommand->handle()
#7 D:\\PROJECT AKHHIR\\SPK\\vendor\\laravel\\framework\\src\\Illuminate\\Container\\Util.php(41): Illuminate\\Container\\BoundMethod::Illuminate\\Container\\{closure}()
#8 D:\\PROJECT AKHHIR\\SPK\\vendor\\laravel\\framework\\src\\Illuminate\\Container\\BoundMethod.php(93): Illuminate\\Container\\Util::unwrapIfClosure(Object(Closure))
#9 D:\\PROJECT AKHHIR\\SPK\\vendor\\laravel\\framework\\src\\Illuminate\\Container\\BoundMethod.php(35): Illuminate\\Container\\BoundMethod::callBoundMethod(Object(Illuminate\\Foundation\\Application), Array, Object(Closure))
#10 D:\\PROJECT AKHHIR\\SPK\\vendor\\laravel\\framework\\src\\Illuminate\\Container\\Container.php(661): Illuminate\\Container\\BoundMethod::call(Object(Illuminate\\Foundation\\Application), Array, Array, NULL)
#11 D:\\PROJECT AKHHIR\\SPK\\vendor\\laravel\\framework\\src\\Illuminate\\Console\\Command.php(183): Illuminate\\Container\\Container->call(Array)
#12 D:\\PROJECT AKHHIR\\SPK\\vendor\\symfony\\console\\Command\\Command.php(326): Illuminate\\Console\\Command->execute(Object(Symfony\\Component\\Console\\Input\\ArgvInput), Object(Illuminate\\Console\\OutputStyle))
#13 D:\\PROJECT AKHHIR\\SPK\\vendor\\laravel\\framework\\src\\Illuminate\\Console\\Command.php(152): Symfony\\Component\\Console\\Command\\Command->run(Object(Symfony\\Component\\Console\\Input\\ArgvInput), Object(Illuminate\\Console\\OutputStyle))
#14 D:\\PROJECT AKHHIR\\SPK\\vendor\\symfony\\console\\Application.php(1078): Illuminate\\Console\\Command->run(Object(Symfony\\Component\\Console\\Input\\ArgvInput), Object(Symfony\\Component\\Console\\Output\\ConsoleOutput))
#15 D:\\PROJECT AKHHIR\\SPK\\vendor\\symfony\\console\\Application.php(324): Symfony\\Component\\Console\\Application->doRunCommand(Object(Illuminate\\Foundation\\Console\\RouteCacheCommand), Object(Symfony\\Component\\Console\\Input\\ArgvInput), Object(Symfony\\Component\\Console\\Output\\ConsoleOutput))
#16 D:\\PROJECT AKHHIR\\SPK\\vendor\\symfony\\console\\Application.php(175): Symfony\\Component\\Console\\Application->doRun(Object(Symfony\\Component\\Console\\Input\\ArgvInput), Object(Symfony\\Component\\Console\\Output\\ConsoleOutput))
#17 D:\\PROJECT AKHHIR\\SPK\\vendor\\laravel\\framework\\src\\Illuminate\\Console\\Application.php(102): Symfony\\Component\\Console\\Application->run(Object(Symfony\\Component\\Console\\Input\\ArgvInput), Object(Symfony\\Component\\Console\\Output\\ConsoleOutput))
#18 D:\\PROJECT AKHHIR\\SPK\\vendor\\laravel\\framework\\src\\Illuminate\\Foundation\\Console\\Kernel.php(155): Illuminate\\Console\\Application->run(Object(Symfony\\Component\\Console\\Input\\ArgvInput), Object(Symfony\\Component\\Console\\Output\\ConsoleOutput))
#19 D:\\PROJECT AKHHIR\\SPK\\artisan(35): Illuminate\\Foundation\\Console\\Kernel->handle(Object(Symfony\\Component\\Console\\Input\\ArgvInput), Object(Symfony\\Component\\Console\\Output\\ConsoleOutput))
#20 {main}
"} 
[2025-07-15 20:57:52] local.ERROR: Command "route:config" is not defined.

Did you mean one of these?
    route:cache
    route:clear
    route:list {"exception":"[object] (Symfony\\Component\\Console\\Exception\\CommandNotFoundException(code: 0): Command \"route:config\" is not defined.

Did you mean one of these?
    route:cache
    route:clear
    route:list at D:\\PROJECT AKHHIR\\SPK\\vendor\\symfony\\console\\Application.php:737)
[stacktrace]
#0 D:\\PROJECT AKHHIR\\SPK\\vendor\\symfony\\console\\Application.php(266): Symfony\\Component\\Console\\Application->find('route:config')
#1 D:\\PROJECT AKHHIR\\SPK\\vendor\\symfony\\console\\Application.php(175): Symfony\\Component\\Console\\Application->doRun(Object(Symfony\\Component\\Console\\Input\\ArgvInput), Object(Symfony\\Component\\Console\\Output\\ConsoleOutput))
#2 D:\\PROJECT AKHHIR\\SPK\\vendor\\laravel\\framework\\src\\Illuminate\\Console\\Application.php(102): Symfony\\Component\\Console\\Application->run(Object(Symfony\\Component\\Console\\Input\\ArgvInput), Object(Symfony\\Component\\Console\\Output\\ConsoleOutput))
#3 D:\\PROJECT AKHHIR\\SPK\\vendor\\laravel\\framework\\src\\Illuminate\\Foundation\\Console\\Kernel.php(155): Illuminate\\Console\\Application->run(Object(Symfony\\Component\\Console\\Input\\ArgvInput), Object(Symfony\\Component\\Console\\Output\\ConsoleOutput))
#4 D:\\PROJECT AKHHIR\\SPK\\artisan(35): Illuminate\\Foundation\\Console\\Kernel->handle(Object(Symfony\\Component\\Console\\Input\\ArgvInput), Object(Symfony\\Component\\Console\\Output\\ConsoleOutput))
#5 {main}
"} 
[2025-07-15 20:58:21] local.ERROR: Unable to prepare route [dashboard/dashboard/wood/dashboard/wood/category/{id}] for serialization. Another route has already been assigned name [category.update]. {"exception":"[object] (LogicException(code: 0): Unable to prepare route [dashboard/dashboard/wood/dashboard/wood/category/{id}] for serialization. Another route has already been assigned name [category.update]. at D:\\PROJECT AKHHIR\\SPK\\vendor\\laravel\\framework\\src\\Illuminate\\Routing\\AbstractRouteCollection.php:247)
[stacktrace]
#0 D:\\PROJECT AKHHIR\\SPK\\vendor\\laravel\\framework\\src\\Illuminate\\Routing\\AbstractRouteCollection.php(208): Illuminate\\Routing\\AbstractRouteCollection->addToSymfonyRoutesCollection(Object(Symfony\\Component\\Routing\\RouteCollection), Object(Illuminate\\Routing\\Route))
#1 D:\\PROJECT AKHHIR\\SPK\\vendor\\laravel\\framework\\src\\Illuminate\\Routing\\RouteCollection.php(246): Illuminate\\Routing\\AbstractRouteCollection->toSymfonyRouteCollection()
#2 D:\\PROJECT AKHHIR\\SPK\\vendor\\laravel\\framework\\src\\Illuminate\\Routing\\AbstractRouteCollection.php(192): Illuminate\\Routing\\RouteCollection->toSymfonyRouteCollection()
#3 D:\\PROJECT AKHHIR\\SPK\\vendor\\laravel\\framework\\src\\Illuminate\\Routing\\AbstractRouteCollection.php(163): Illuminate\\Routing\\AbstractRouteCollection->dumper()
#4 D:\\PROJECT AKHHIR\\SPK\\vendor\\laravel\\framework\\src\\Illuminate\\Foundation\\Console\\RouteCacheCommand.php(120): Illuminate\\Routing\\AbstractRouteCollection->compile()
#5 D:\\PROJECT AKHHIR\\SPK\\vendor\\laravel\\framework\\src\\Illuminate\\Foundation\\Console\\RouteCacheCommand.php(79): Illuminate\\Foundation\\Console\\RouteCacheCommand->buildRouteCacheFile(Object(Illuminate\\Routing\\RouteCollection))
#6 D:\\PROJECT AKHHIR\\SPK\\vendor\\laravel\\framework\\src\\Illuminate\\Container\\BoundMethod.php(36): Illuminate\\Foundation\\Console\\RouteCacheCommand->handle()
#7 D:\\PROJECT AKHHIR\\SPK\\vendor\\laravel\\framework\\src\\Illuminate\\Container\\Util.php(41): Illuminate\\Container\\BoundMethod::Illuminate\\Container\\{closure}()
#8 D:\\PROJECT AKHHIR\\SPK\\vendor\\laravel\\framework\\src\\Illuminate\\Container\\BoundMethod.php(93): Illuminate\\Container\\Util::unwrapIfClosure(Object(Closure))
#9 D:\\PROJECT AKHHIR\\SPK\\vendor\\laravel\\framework\\src\\Illuminate\\Container\\BoundMethod.php(35): Illuminate\\Container\\BoundMethod::callBoundMethod(Object(Illuminate\\Foundation\\Application), Array, Object(Closure))
#10 D:\\PROJECT AKHHIR\\SPK\\vendor\\laravel\\framework\\src\\Illuminate\\Container\\Container.php(661): Illuminate\\Container\\BoundMethod::call(Object(Illuminate\\Foundation\\Application), Array, Array, NULL)
#11 D:\\PROJECT AKHHIR\\SPK\\vendor\\laravel\\framework\\src\\Illuminate\\Console\\Command.php(183): Illuminate\\Container\\Container->call(Array)
#12 D:\\PROJECT AKHHIR\\SPK\\vendor\\symfony\\console\\Command\\Command.php(326): Illuminate\\Console\\Command->execute(Object(Symfony\\Component\\Console\\Input\\ArgvInput), Object(Illuminate\\Console\\OutputStyle))
#13 D:\\PROJECT AKHHIR\\SPK\\vendor\\laravel\\framework\\src\\Illuminate\\Console\\Command.php(152): Symfony\\Component\\Console\\Command\\Command->run(Object(Symfony\\Component\\Console\\Input\\ArgvInput), Object(Illuminate\\Console\\OutputStyle))
#14 D:\\PROJECT AKHHIR\\SPK\\vendor\\symfony\\console\\Application.php(1078): Illuminate\\Console\\Command->run(Object(Symfony\\Component\\Console\\Input\\ArgvInput), Object(Symfony\\Component\\Console\\Output\\ConsoleOutput))
#15 D:\\PROJECT AKHHIR\\SPK\\vendor\\symfony\\console\\Application.php(324): Symfony\\Component\\Console\\Application->doRunCommand(Object(Illuminate\\Foundation\\Console\\RouteCacheCommand), Object(Symfony\\Component\\Console\\Input\\ArgvInput), Object(Symfony\\Component\\Console\\Output\\ConsoleOutput))
#16 D:\\PROJECT AKHHIR\\SPK\\vendor\\symfony\\console\\Application.php(175): Symfony\\Component\\Console\\Application->doRun(Object(Symfony\\Component\\Console\\Input\\ArgvInput), Object(Symfony\\Component\\Console\\Output\\ConsoleOutput))
#17 D:\\PROJECT AKHHIR\\SPK\\vendor\\laravel\\framework\\src\\Illuminate\\Console\\Application.php(102): Symfony\\Component\\Console\\Application->run(Object(Symfony\\Component\\Console\\Input\\ArgvInput), Object(Symfony\\Component\\Console\\Output\\ConsoleOutput))
#18 D:\\PROJECT AKHHIR\\SPK\\vendor\\laravel\\framework\\src\\Illuminate\\Foundation\\Console\\Kernel.php(155): Illuminate\\Console\\Application->run(Object(Symfony\\Component\\Console\\Input\\ArgvInput), Object(Symfony\\Component\\Console\\Output\\ConsoleOutput))
#19 D:\\PROJECT AKHHIR\\SPK\\artisan(35): Illuminate\\Foundation\\Console\\Kernel->handle(Object(Symfony\\Component\\Console\\Input\\ArgvInput), Object(Symfony\\Component\\Console\\Output\\ConsoleOutput))
#20 {main}
"} 
[2025-07-15 20:59:47] local.ERROR: Unable to prepare route [dashboard/alternatif/{wood_id}/edit] for serialization. Another route has already been assigned name [alternatif.edit]. {"exception":"[object] (LogicException(code: 0): Unable to prepare route [dashboard/alternatif/{wood_id}/edit] for serialization. Another route has already been assigned name [alternatif.edit]. at D:\\PROJECT AKHHIR\\SPK\\vendor\\laravel\\framework\\src\\Illuminate\\Routing\\AbstractRouteCollection.php:247)
[stacktrace]
#0 D:\\PROJECT AKHHIR\\SPK\\vendor\\laravel\\framework\\src\\Illuminate\\Routing\\AbstractRouteCollection.php(208): Illuminate\\Routing\\AbstractRouteCollection->addToSymfonyRoutesCollection(Object(Symfony\\Component\\Routing\\RouteCollection), Object(Illuminate\\Routing\\Route))
#1 D:\\PROJECT AKHHIR\\SPK\\vendor\\laravel\\framework\\src\\Illuminate\\Routing\\RouteCollection.php(246): Illuminate\\Routing\\AbstractRouteCollection->toSymfonyRouteCollection()
#2 D:\\PROJECT AKHHIR\\SPK\\vendor\\laravel\\framework\\src\\Illuminate\\Routing\\AbstractRouteCollection.php(192): Illuminate\\Routing\\RouteCollection->toSymfonyRouteCollection()
#3 D:\\PROJECT AKHHIR\\SPK\\vendor\\laravel\\framework\\src\\Illuminate\\Routing\\AbstractRouteCollection.php(163): Illuminate\\Routing\\AbstractRouteCollection->dumper()
#4 D:\\PROJECT AKHHIR\\SPK\\vendor\\laravel\\framework\\src\\Illuminate\\Foundation\\Console\\RouteCacheCommand.php(120): Illuminate\\Routing\\AbstractRouteCollection->compile()
#5 D:\\PROJECT AKHHIR\\SPK\\vendor\\laravel\\framework\\src\\Illuminate\\Foundation\\Console\\RouteCacheCommand.php(79): Illuminate\\Foundation\\Console\\RouteCacheCommand->buildRouteCacheFile(Object(Illuminate\\Routing\\RouteCollection))
#6 D:\\PROJECT AKHHIR\\SPK\\vendor\\laravel\\framework\\src\\Illuminate\\Container\\BoundMethod.php(36): Illuminate\\Foundation\\Console\\RouteCacheCommand->handle()
#7 D:\\PROJECT AKHHIR\\SPK\\vendor\\laravel\\framework\\src\\Illuminate\\Container\\Util.php(41): Illuminate\\Container\\BoundMethod::Illuminate\\Container\\{closure}()
#8 D:\\PROJECT AKHHIR\\SPK\\vendor\\laravel\\framework\\src\\Illuminate\\Container\\BoundMethod.php(93): Illuminate\\Container\\Util::unwrapIfClosure(Object(Closure))
#9 D:\\PROJECT AKHHIR\\SPK\\vendor\\laravel\\framework\\src\\Illuminate\\Container\\BoundMethod.php(35): Illuminate\\Container\\BoundMethod::callBoundMethod(Object(Illuminate\\Foundation\\Application), Array, Object(Closure))
#10 D:\\PROJECT AKHHIR\\SPK\\vendor\\laravel\\framework\\src\\Illuminate\\Container\\Container.php(661): Illuminate\\Container\\BoundMethod::call(Object(Illuminate\\Foundation\\Application), Array, Array, NULL)
#11 D:\\PROJECT AKHHIR\\SPK\\vendor\\laravel\\framework\\src\\Illuminate\\Console\\Command.php(183): Illuminate\\Container\\Container->call(Array)
#12 D:\\PROJECT AKHHIR\\SPK\\vendor\\symfony\\console\\Command\\Command.php(326): Illuminate\\Console\\Command->execute(Object(Symfony\\Component\\Console\\Input\\ArgvInput), Object(Illuminate\\Console\\OutputStyle))
#13 D:\\PROJECT AKHHIR\\SPK\\vendor\\laravel\\framework\\src\\Illuminate\\Console\\Command.php(152): Symfony\\Component\\Console\\Command\\Command->run(Object(Symfony\\Component\\Console\\Input\\ArgvInput), Object(Illuminate\\Console\\OutputStyle))
#14 D:\\PROJECT AKHHIR\\SPK\\vendor\\symfony\\console\\Application.php(1078): Illuminate\\Console\\Command->run(Object(Symfony\\Component\\Console\\Input\\ArgvInput), Object(Symfony\\Component\\Console\\Output\\ConsoleOutput))
#15 D:\\PROJECT AKHHIR\\SPK\\vendor\\symfony\\console\\Application.php(324): Symfony\\Component\\Console\\Application->doRunCommand(Object(Illuminate\\Foundation\\Console\\RouteCacheCommand), Object(Symfony\\Component\\Console\\Input\\ArgvInput), Object(Symfony\\Component\\Console\\Output\\ConsoleOutput))
#16 D:\\PROJECT AKHHIR\\SPK\\vendor\\symfony\\console\\Application.php(175): Symfony\\Component\\Console\\Application->doRun(Object(Symfony\\Component\\Console\\Input\\ArgvInput), Object(Symfony\\Component\\Console\\Output\\ConsoleOutput))
#17 D:\\PROJECT AKHHIR\\SPK\\vendor\\laravel\\framework\\src\\Illuminate\\Console\\Application.php(102): Symfony\\Component\\Console\\Application->run(Object(Symfony\\Component\\Console\\Input\\ArgvInput), Object(Symfony\\Component\\Console\\Output\\ConsoleOutput))
#18 D:\\PROJECT AKHHIR\\SPK\\vendor\\laravel\\framework\\src\\Illuminate\\Foundation\\Console\\Kernel.php(155): Illuminate\\Console\\Application->run(Object(Symfony\\Component\\Console\\Input\\ArgvInput), Object(Symfony\\Component\\Console\\Output\\ConsoleOutput))
#19 D:\\PROJECT AKHHIR\\SPK\\artisan(35): Illuminate\\Foundation\\Console\\Kernel->handle(Object(Symfony\\Component\\Console\\Input\\ArgvInput), Object(Symfony\\Component\\Console\\Output\\ConsoleOutput))
#20 {main}
"} 
[2025-07-15 21:02:58] local.ERROR: Unable to prepare route [dashboard/alternatif/{wood_id}/edit] for serialization. Another route has already been assigned name [alternatif.edit]. {"exception":"[object] (LogicException(code: 0): Unable to prepare route [dashboard/alternatif/{wood_id}/edit] for serialization. Another route has already been assigned name [alternatif.edit]. at D:\\PROJECT AKHHIR\\SPK\\vendor\\laravel\\framework\\src\\Illuminate\\Routing\\AbstractRouteCollection.php:247)
[stacktrace]
#0 D:\\PROJECT AKHHIR\\SPK\\vendor\\laravel\\framework\\src\\Illuminate\\Routing\\AbstractRouteCollection.php(208): Illuminate\\Routing\\AbstractRouteCollection->addToSymfonyRoutesCollection(Object(Symfony\\Component\\Routing\\RouteCollection), Object(Illuminate\\Routing\\Route))
#1 D:\\PROJECT AKHHIR\\SPK\\vendor\\laravel\\framework\\src\\Illuminate\\Routing\\RouteCollection.php(246): Illuminate\\Routing\\AbstractRouteCollection->toSymfonyRouteCollection()
#2 D:\\PROJECT AKHHIR\\SPK\\vendor\\laravel\\framework\\src\\Illuminate\\Routing\\AbstractRouteCollection.php(192): Illuminate\\Routing\\RouteCollection->toSymfonyRouteCollection()
#3 D:\\PROJECT AKHHIR\\SPK\\vendor\\laravel\\framework\\src\\Illuminate\\Routing\\AbstractRouteCollection.php(163): Illuminate\\Routing\\AbstractRouteCollection->dumper()
#4 D:\\PROJECT AKHHIR\\SPK\\vendor\\laravel\\framework\\src\\Illuminate\\Foundation\\Console\\RouteCacheCommand.php(120): Illuminate\\Routing\\AbstractRouteCollection->compile()
#5 D:\\PROJECT AKHHIR\\SPK\\vendor\\laravel\\framework\\src\\Illuminate\\Foundation\\Console\\RouteCacheCommand.php(79): Illuminate\\Foundation\\Console\\RouteCacheCommand->buildRouteCacheFile(Object(Illuminate\\Routing\\RouteCollection))
#6 D:\\PROJECT AKHHIR\\SPK\\vendor\\laravel\\framework\\src\\Illuminate\\Container\\BoundMethod.php(36): Illuminate\\Foundation\\Console\\RouteCacheCommand->handle()
#7 D:\\PROJECT AKHHIR\\SPK\\vendor\\laravel\\framework\\src\\Illuminate\\Container\\Util.php(41): Illuminate\\Container\\BoundMethod::Illuminate\\Container\\{closure}()
#8 D:\\PROJECT AKHHIR\\SPK\\vendor\\laravel\\framework\\src\\Illuminate\\Container\\BoundMethod.php(93): Illuminate\\Container\\Util::unwrapIfClosure(Object(Closure))
#9 D:\\PROJECT AKHHIR\\SPK\\vendor\\laravel\\framework\\src\\Illuminate\\Container\\BoundMethod.php(35): Illuminate\\Container\\BoundMethod::callBoundMethod(Object(Illuminate\\Foundation\\Application), Array, Object(Closure))
#10 D:\\PROJECT AKHHIR\\SPK\\vendor\\laravel\\framework\\src\\Illuminate\\Container\\Container.php(661): Illuminate\\Container\\BoundMethod::call(Object(Illuminate\\Foundation\\Application), Array, Array, NULL)
#11 D:\\PROJECT AKHHIR\\SPK\\vendor\\laravel\\framework\\src\\Illuminate\\Console\\Command.php(183): Illuminate\\Container\\Container->call(Array)
#12 D:\\PROJECT AKHHIR\\SPK\\vendor\\symfony\\console\\Command\\Command.php(326): Illuminate\\Console\\Command->execute(Object(Symfony\\Component\\Console\\Input\\ArgvInput), Object(Illuminate\\Console\\OutputStyle))
#13 D:\\PROJECT AKHHIR\\SPK\\vendor\\laravel\\framework\\src\\Illuminate\\Console\\Command.php(152): Symfony\\Component\\Console\\Command\\Command->run(Object(Symfony\\Component\\Console\\Input\\ArgvInput), Object(Illuminate\\Console\\OutputStyle))
#14 D:\\PROJECT AKHHIR\\SPK\\vendor\\symfony\\console\\Application.php(1078): Illuminate\\Console\\Command->run(Object(Symfony\\Component\\Console\\Input\\ArgvInput), Object(Symfony\\Component\\Console\\Output\\ConsoleOutput))
#15 D:\\PROJECT AKHHIR\\SPK\\vendor\\symfony\\console\\Application.php(324): Symfony\\Component\\Console\\Application->doRunCommand(Object(Illuminate\\Foundation\\Console\\RouteCacheCommand), Object(Symfony\\Component\\Console\\Input\\ArgvInput), Object(Symfony\\Component\\Console\\Output\\ConsoleOutput))
#16 D:\\PROJECT AKHHIR\\SPK\\vendor\\symfony\\console\\Application.php(175): Symfony\\Component\\Console\\Application->doRun(Object(Symfony\\Component\\Console\\Input\\ArgvInput), Object(Symfony\\Component\\Console\\Output\\ConsoleOutput))
#17 D:\\PROJECT AKHHIR\\SPK\\vendor\\laravel\\framework\\src\\Illuminate\\Console\\Application.php(102): Symfony\\Component\\Console\\Application->run(Object(Symfony\\Component\\Console\\Input\\ArgvInput), Object(Symfony\\Component\\Console\\Output\\ConsoleOutput))
#18 D:\\PROJECT AKHHIR\\SPK\\vendor\\laravel\\framework\\src\\Illuminate\\Foundation\\Console\\Kernel.php(155): Illuminate\\Console\\Application->run(Object(Symfony\\Component\\Console\\Input\\ArgvInput), Object(Symfony\\Component\\Console\\Output\\ConsoleOutput))
#19 D:\\PROJECT AKHHIR\\SPK\\artisan(35): Illuminate\\Foundation\\Console\\Kernel->handle(Object(Symfony\\Component\\Console\\Input\\ArgvInput), Object(Symfony\\Component\\Console\\Output\\ConsoleOutput))
#20 {main}
"} 
[2025-07-15 21:04:29] local.ERROR: Unable to prepare route [dashboard/alternatif/{wood_id}] for serialization. Another route has already been assigned name [alternatif.destroy]. {"exception":"[object] (LogicException(code: 0): Unable to prepare route [dashboard/alternatif/{wood_id}] for serialization. Another route has already been assigned name [alternatif.destroy]. at D:\\PROJECT AKHHIR\\SPK\\vendor\\laravel\\framework\\src\\Illuminate\\Routing\\AbstractRouteCollection.php:247)
[stacktrace]
#0 D:\\PROJECT AKHHIR\\SPK\\vendor\\laravel\\framework\\src\\Illuminate\\Routing\\AbstractRouteCollection.php(208): Illuminate\\Routing\\AbstractRouteCollection->addToSymfonyRoutesCollection(Object(Symfony\\Component\\Routing\\RouteCollection), Object(Illuminate\\Routing\\Route))
#1 D:\\PROJECT AKHHIR\\SPK\\vendor\\laravel\\framework\\src\\Illuminate\\Routing\\RouteCollection.php(246): Illuminate\\Routing\\AbstractRouteCollection->toSymfonyRouteCollection()
#2 D:\\PROJECT AKHHIR\\SPK\\vendor\\laravel\\framework\\src\\Illuminate\\Routing\\AbstractRouteCollection.php(192): Illuminate\\Routing\\RouteCollection->toSymfonyRouteCollection()
#3 D:\\PROJECT AKHHIR\\SPK\\vendor\\laravel\\framework\\src\\Illuminate\\Routing\\AbstractRouteCollection.php(163): Illuminate\\Routing\\AbstractRouteCollection->dumper()
#4 D:\\PROJECT AKHHIR\\SPK\\vendor\\laravel\\framework\\src\\Illuminate\\Foundation\\Console\\RouteCacheCommand.php(120): Illuminate\\Routing\\AbstractRouteCollection->compile()
#5 D:\\PROJECT AKHHIR\\SPK\\vendor\\laravel\\framework\\src\\Illuminate\\Foundation\\Console\\RouteCacheCommand.php(79): Illuminate\\Foundation\\Console\\RouteCacheCommand->buildRouteCacheFile(Object(Illuminate\\Routing\\RouteCollection))
#6 D:\\PROJECT AKHHIR\\SPK\\vendor\\laravel\\framework\\src\\Illuminate\\Container\\BoundMethod.php(36): Illuminate\\Foundation\\Console\\RouteCacheCommand->handle()
#7 D:\\PROJECT AKHHIR\\SPK\\vendor\\laravel\\framework\\src\\Illuminate\\Container\\Util.php(41): Illuminate\\Container\\BoundMethod::Illuminate\\Container\\{closure}()
#8 D:\\PROJECT AKHHIR\\SPK\\vendor\\laravel\\framework\\src\\Illuminate\\Container\\BoundMethod.php(93): Illuminate\\Container\\Util::unwrapIfClosure(Object(Closure))
#9 D:\\PROJECT AKHHIR\\SPK\\vendor\\laravel\\framework\\src\\Illuminate\\Container\\BoundMethod.php(35): Illuminate\\Container\\BoundMethod::callBoundMethod(Object(Illuminate\\Foundation\\Application), Array, Object(Closure))
#10 D:\\PROJECT AKHHIR\\SPK\\vendor\\laravel\\framework\\src\\Illuminate\\Container\\Container.php(661): Illuminate\\Container\\BoundMethod::call(Object(Illuminate\\Foundation\\Application), Array, Array, NULL)
#11 D:\\PROJECT AKHHIR\\SPK\\vendor\\laravel\\framework\\src\\Illuminate\\Console\\Command.php(183): Illuminate\\Container\\Container->call(Array)
#12 D:\\PROJECT AKHHIR\\SPK\\vendor\\symfony\\console\\Command\\Command.php(326): Illuminate\\Console\\Command->execute(Object(Symfony\\Component\\Console\\Input\\ArgvInput), Object(Illuminate\\Console\\OutputStyle))
#13 D:\\PROJECT AKHHIR\\SPK\\vendor\\laravel\\framework\\src\\Illuminate\\Console\\Command.php(152): Symfony\\Component\\Console\\Command\\Command->run(Object(Symfony\\Component\\Console\\Input\\ArgvInput), Object(Illuminate\\Console\\OutputStyle))
#14 D:\\PROJECT AKHHIR\\SPK\\vendor\\symfony\\console\\Application.php(1078): Illuminate\\Console\\Command->run(Object(Symfony\\Component\\Console\\Input\\ArgvInput), Object(Symfony\\Component\\Console\\Output\\ConsoleOutput))
#15 D:\\PROJECT AKHHIR\\SPK\\vendor\\symfony\\console\\Application.php(324): Symfony\\Component\\Console\\Application->doRunCommand(Object(Illuminate\\Foundation\\Console\\RouteCacheCommand), Object(Symfony\\Component\\Console\\Input\\ArgvInput), Object(Symfony\\Component\\Console\\Output\\ConsoleOutput))
#16 D:\\PROJECT AKHHIR\\SPK\\vendor\\symfony\\console\\Application.php(175): Symfony\\Component\\Console\\Application->doRun(Object(Symfony\\Component\\Console\\Input\\ArgvInput), Object(Symfony\\Component\\Console\\Output\\ConsoleOutput))
#17 D:\\PROJECT AKHHIR\\SPK\\vendor\\laravel\\framework\\src\\Illuminate\\Console\\Application.php(102): Symfony\\Component\\Console\\Application->run(Object(Symfony\\Component\\Console\\Input\\ArgvInput), Object(Symfony\\Component\\Console\\Output\\ConsoleOutput))
#18 D:\\PROJECT AKHHIR\\SPK\\vendor\\laravel\\framework\\src\\Illuminate\\Foundation\\Console\\Kernel.php(155): Illuminate\\Console\\Application->run(Object(Symfony\\Component\\Console\\Input\\ArgvInput), Object(Symfony\\Component\\Console\\Output\\ConsoleOutput))
#19 D:\\PROJECT AKHHIR\\SPK\\artisan(35): Illuminate\\Foundation\\Console\\Kernel->handle(Object(Symfony\\Component\\Console\\Input\\ArgvInput), Object(Symfony\\Component\\Console\\Output\\ConsoleOutput))
#20 {main}
"} 
[2025-07-15 21:05:12] local.ERROR: Unable to prepare route [dashboard/wood/{wood}] for serialization. Another route has already been assigned name [wood.update]. {"exception":"[object] (LogicException(code: 0): Unable to prepare route [dashboard/wood/{wood}] for serialization. Another route has already been assigned name [wood.update]. at D:\\PROJECT AKHHIR\\SPK\\vendor\\laravel\\framework\\src\\Illuminate\\Routing\\AbstractRouteCollection.php:247)
[stacktrace]
#0 D:\\PROJECT AKHHIR\\SPK\\vendor\\laravel\\framework\\src\\Illuminate\\Routing\\AbstractRouteCollection.php(208): Illuminate\\Routing\\AbstractRouteCollection->addToSymfonyRoutesCollection(Object(Symfony\\Component\\Routing\\RouteCollection), Object(Illuminate\\Routing\\Route))
#1 D:\\PROJECT AKHHIR\\SPK\\vendor\\laravel\\framework\\src\\Illuminate\\Routing\\RouteCollection.php(246): Illuminate\\Routing\\AbstractRouteCollection->toSymfonyRouteCollection()
#2 D:\\PROJECT AKHHIR\\SPK\\vendor\\laravel\\framework\\src\\Illuminate\\Routing\\AbstractRouteCollection.php(192): Illuminate\\Routing\\RouteCollection->toSymfonyRouteCollection()
#3 D:\\PROJECT AKHHIR\\SPK\\vendor\\laravel\\framework\\src\\Illuminate\\Routing\\AbstractRouteCollection.php(163): Illuminate\\Routing\\AbstractRouteCollection->dumper()
#4 D:\\PROJECT AKHHIR\\SPK\\vendor\\laravel\\framework\\src\\Illuminate\\Foundation\\Console\\RouteCacheCommand.php(120): Illuminate\\Routing\\AbstractRouteCollection->compile()
#5 D:\\PROJECT AKHHIR\\SPK\\vendor\\laravel\\framework\\src\\Illuminate\\Foundation\\Console\\RouteCacheCommand.php(79): Illuminate\\Foundation\\Console\\RouteCacheCommand->buildRouteCacheFile(Object(Illuminate\\Routing\\RouteCollection))
#6 D:\\PROJECT AKHHIR\\SPK\\vendor\\laravel\\framework\\src\\Illuminate\\Container\\BoundMethod.php(36): Illuminate\\Foundation\\Console\\RouteCacheCommand->handle()
#7 D:\\PROJECT AKHHIR\\SPK\\vendor\\laravel\\framework\\src\\Illuminate\\Container\\Util.php(41): Illuminate\\Container\\BoundMethod::Illuminate\\Container\\{closure}()
#8 D:\\PROJECT AKHHIR\\SPK\\vendor\\laravel\\framework\\src\\Illuminate\\Container\\BoundMethod.php(93): Illuminate\\Container\\Util::unwrapIfClosure(Object(Closure))
#9 D:\\PROJECT AKHHIR\\SPK\\vendor\\laravel\\framework\\src\\Illuminate\\Container\\BoundMethod.php(35): Illuminate\\Container\\BoundMethod::callBoundMethod(Object(Illuminate\\Foundation\\Application), Array, Object(Closure))
#10 D:\\PROJECT AKHHIR\\SPK\\vendor\\laravel\\framework\\src\\Illuminate\\Container\\Container.php(661): Illuminate\\Container\\BoundMethod::call(Object(Illuminate\\Foundation\\Application), Array, Array, NULL)
#11 D:\\PROJECT AKHHIR\\SPK\\vendor\\laravel\\framework\\src\\Illuminate\\Console\\Command.php(183): Illuminate\\Container\\Container->call(Array)
#12 D:\\PROJECT AKHHIR\\SPK\\vendor\\symfony\\console\\Command\\Command.php(326): Illuminate\\Console\\Command->execute(Object(Symfony\\Component\\Console\\Input\\ArgvInput), Object(Illuminate\\Console\\OutputStyle))
#13 D:\\PROJECT AKHHIR\\SPK\\vendor\\laravel\\framework\\src\\Illuminate\\Console\\Command.php(152): Symfony\\Component\\Console\\Command\\Command->run(Object(Symfony\\Component\\Console\\Input\\ArgvInput), Object(Illuminate\\Console\\OutputStyle))
#14 D:\\PROJECT AKHHIR\\SPK\\vendor\\symfony\\console\\Application.php(1078): Illuminate\\Console\\Command->run(Object(Symfony\\Component\\Console\\Input\\ArgvInput), Object(Symfony\\Component\\Console\\Output\\ConsoleOutput))
#15 D:\\PROJECT AKHHIR\\SPK\\vendor\\symfony\\console\\Application.php(324): Symfony\\Component\\Console\\Application->doRunCommand(Object(Illuminate\\Foundation\\Console\\RouteCacheCommand), Object(Symfony\\Component\\Console\\Input\\ArgvInput), Object(Symfony\\Component\\Console\\Output\\ConsoleOutput))
#16 D:\\PROJECT AKHHIR\\SPK\\vendor\\symfony\\console\\Application.php(175): Symfony\\Component\\Console\\Application->doRun(Object(Symfony\\Component\\Console\\Input\\ArgvInput), Object(Symfony\\Component\\Console\\Output\\ConsoleOutput))
#17 D:\\PROJECT AKHHIR\\SPK\\vendor\\laravel\\framework\\src\\Illuminate\\Console\\Application.php(102): Symfony\\Component\\Console\\Application->run(Object(Symfony\\Component\\Console\\Input\\ArgvInput), Object(Symfony\\Component\\Console\\Output\\ConsoleOutput))
#18 D:\\PROJECT AKHHIR\\SPK\\vendor\\laravel\\framework\\src\\Illuminate\\Foundation\\Console\\Kernel.php(155): Illuminate\\Console\\Application->run(Object(Symfony\\Component\\Console\\Input\\ArgvInput), Object(Symfony\\Component\\Console\\Output\\ConsoleOutput))
#19 D:\\PROJECT AKHHIR\\SPK\\artisan(35): Illuminate\\Foundation\\Console\\Kernel->handle(Object(Symfony\\Component\\Console\\Input\\ArgvInput), Object(Symfony\\Component\\Console\\Output\\ConsoleOutput))
#20 {main}
"} 
